Using pre-set license
Built from '2020.2/release' branch; Version is '2020.2.2f1 (068178b99f32) revision 426360'; Using compiler version '192528614'; Build Type 'Release'
OS: 'Windows 10 Education; OS build 17763.1817; Version 1809; 64bit' Language: 'ko' Physical Memory: 16298 MB
BatchMode: 1, IsHumanControllingUs: 0, StartBugReporterOnCrash: 0, Is64bit: 1, IsPro: 0

 COMMAND LINE ARGUMENTS:
D:\Unity\2020.2.2f1\Editor\Unity.exe
-adb2
-batchMode
-noUpm
-name
AssetImportWorker0
-projectPath
D:/github/Your_Turn/Game(Unity)
-logFile
Logs/AssetImportWorker0.log
-srvPort
51676
Successfully changed project path to: D:/github/Your_Turn/Game(Unity)
D:/github/Your_Turn/Game(Unity)
Using Asset Import Pipeline V2.
Refreshing native plugins compatible for Editor in 35.86 ms, found 0 plugins.
Preloading 0 native plugins for Editor in 0.00 ms.
Initialize engine version: 2020.2.2f1 (068178b99f32)
[Subsystems] Discovering subsystems at path D:/Unity/2020.2.2f1/Editor/Data/Resources/UnitySubsystems
[Subsystems] Discovering subsystems at path D:/github/Your_Turn/Game(Unity)/Assets
GfxDevice: creating device client; threaded=0
Direct3D:
    Version:  Direct3D 11.0 [level 11.1]
    Renderer: Intel(R) HD Graphics 4600 (ID=0x416)
    Vendor:   
    VRAM:     2048 MB
    Driver:   20.19.15.4300
Initialize mono
Mono path[0] = 'D:/Unity/2020.2.2f1/Editor/Data/Managed'
Mono path[1] = 'D:/Unity/2020.2.2f1/Editor/Data/MonoBleedingEdge/lib/mono/unityjit'
Mono config path = 'D:/Unity/2020.2.2f1/Editor/Data/MonoBleedingEdge/etc'
Using monoOptions --debugger-agent=transport=dt_socket,embedding=1,server=y,suspend=n,address=127.0.0.1:56956
Begin MonoManager ReloadAssembly
Registering precompiled unity dll's ...
Register platform support module: D:/Unity/2020.2.2f1/Editor/Data/PlaybackEngines/WindowsStandaloneSupport/UnityEditor.WindowsStandalone.Extensions.dll
Registered in 0.002582 seconds.
Native extension for WindowsStandalone target not found
Refreshing native plugins compatible for Editor in 60.39 ms, found 0 plugins.
Preloading 0 native plugins for Editor in 0.00 ms.
Invoked RoslynAnalysisRunner static constructor.
RoslynAnalysisRunner will not be running.
RoslynAnalysisRunner has terminated.
Mono: successfully reloaded assembly
- Completed reload, in  4.588 seconds
Platform modules already initialized, skipping
Registering precompiled user dll's ...
Registered in 0.005805 seconds.
Begin MonoManager ReloadAssembly
Symbol file LoadedFromMemory is not a mono symbol file
Native extension for WindowsStandalone target not found
Refreshing native plugins compatible for Editor in 0.68 ms, found 0 plugins.
Preloading 0 native plugins for Editor in 0.00 ms.
Invoked RoslynAnalysisRunner static constructor.
RoslynAnalysisRunner will not be running.
RoslynAnalysisRunner has terminated.
Mono: successfully reloaded assembly
- Completed reload, in  1.863 seconds
Platform modules already initialized, skipping
========================================================================
Worker process is ready to serve import requests
Launched and connected shader compiler UnityShaderCompiler.exe after 0.19 seconds
Refreshing native plugins compatible for Editor in 1.36 ms, found 0 plugins.
Preloading 0 native plugins for Editor in 0.00 ms.
Unloading 1334 Unused Serialized files (Serialized files now loaded: 0)
System memory in use before: 68.0 MB.
System memory in use after: 68.0 MB.

Unloading 15 unused Assets to reduce memory usage. Loaded Objects now: 1771.
Total: 3.148300 ms (FindLiveObjects: 0.265900 ms CreateObjectMapping: 0.147200 ms MarkObjects: 2.609400 ms  DeleteObjects: 0.123500 ms)

========================================================================
Received Import Request.
  path: Assets/Scripts/TCPManager.cs
  artifactKey: Guid(263c2da174579b040b38928f825c7005) Importer(815301076,1909f56bfc062723c751e8b465ee728b)
Start importing Assets/Scripts/TCPManager.cs using Guid(263c2da174579b040b38928f825c7005) Importer(815301076,1909f56bfc062723c751e8b465ee728b)  -> (artifact id: '29223b02f5b4db3785087ee06038c6e7') in 0.081870 seconds
  Import took 0.085848 seconds .

========================================================================
Received Import Request.
  Time since last request: 0.000362 seconds.
  path: Assets/Scripts/PlayerMoveControl.cs
  artifactKey: Guid(9a9684e7bd1e50644a93cee59fb3e1d9) Importer(815301076,1909f56bfc062723c751e8b465ee728b)
Start importing Assets/Scripts/PlayerMoveControl.cs using Guid(9a9684e7bd1e50644a93cee59fb3e1d9) Importer(815301076,1909f56bfc062723c751e8b465ee728b)  -> (artifact id: '5e8cadb32b07e37ce86c4987fe1701c2') in 0.004709 seconds
  Import took 0.008003 seconds .

========================================================================
Received Prepare
Registering precompiled user dll's ...
Registered in 0.017809 seconds.
Begin MonoManager ReloadAssembly
Symbol file LoadedFromMemory is not a mono symbol file
Native extension for WindowsStandalone target not found
Refreshing native plugins compatible for Editor in 2.68 ms, found 0 plugins.
Preloading 0 native plugins for Editor in 0.00 ms.
Invoked RoslynAnalysisRunner static constructor.
RoslynAnalysisRunner will not be running.
RoslynAnalysisRunner has terminated.
Mono: successfully reloaded assembly
- Completed reload, in  4.067 seconds
Platform modules already initialized, skipping
Refreshing native plugins compatible for Editor in 0.47 ms, found 0 plugins.
Preloading 0 native plugins for Editor in 0.00 ms.
Unloading 1315 Unused Serialized files (Serialized files now loaded: 0)
System memory in use before: 67.0 MB.
System memory in use after: 67.1 MB.

Unloading 10 unused Assets to reduce memory usage. Loaded Objects now: 1773.
Total: 5.994800 ms (FindLiveObjects: 0.634300 ms CreateObjectMapping: 0.143600 ms MarkObjects: 5.125000 ms  DeleteObjects: 0.088700 ms)

========================================================================
Received Prepare
Registering precompiled user dll's ...
Registered in 0.010935 seconds.
Begin MonoManager ReloadAssembly
Symbol file LoadedFromMemory is not a mono symbol file
Native extension for WindowsStandalone target not found
Refreshing native plugins compatible for Editor in 0.64 ms, found 0 plugins.
Preloading 0 native plugins for Editor in 0.00 ms.
Invoked RoslynAnalysisRunner static constructor.
RoslynAnalysisRunner will not be running.
RoslynAnalysisRunner has terminated.
Mono: successfully reloaded assembly
- Completed reload, in  2.109 seconds
Platform modules already initialized, skipping
Refreshing native plugins compatible for Editor in 0.70 ms, found 0 plugins.
Preloading 0 native plugins for Editor in 0.00 ms.
Unloading 1315 Unused Serialized files (Serialized files now loaded: 0)
System memory in use before: 67.3 MB.
System memory in use after: 67.3 MB.

Unloading 10 unused Assets to reduce memory usage. Loaded Objects now: 1775.
Total: 4.313900 ms (FindLiveObjects: 0.443000 ms CreateObjectMapping: 0.187200 ms MarkObjects: 3.566300 ms  DeleteObjects: 0.108600 ms)

========================================================================
Received Prepare
Registering precompiled user dll's ...
Registered in 0.053954 seconds.
Begin MonoManager ReloadAssembly
Symbol file LoadedFromMemory is not a mono symbol file
Native extension for WindowsStandalone target not found
Refreshing native plugins compatible for Editor in 0.42 ms, found 0 plugins.
Preloading 0 native plugins for Editor in 0.00 ms.
Invoked RoslynAnalysisRunner static constructor.
RoslynAnalysisRunner will not be running.
RoslynAnalysisRunner has terminated.
Mono: successfully reloaded assembly
- Completed reload, in  4.837 seconds
Platform modules already initialized, skipping
Refreshing native plugins compatible for Editor in 0.64 ms, found 0 plugins.
Preloading 0 native plugins for Editor in 0.00 ms.
Unloading 1315 Unused Serialized files (Serialized files now loaded: 0)
System memory in use before: 67.5 MB.
System memory in use after: 67.5 MB.

Unloading 10 unused Assets to reduce memory usage. Loaded Objects now: 1777.
Total: 3.708200 ms (FindLiveObjects: 0.407800 ms CreateObjectMapping: 0.183400 ms MarkObjects: 3.034500 ms  DeleteObjects: 0.079700 ms)

========================================================================
Received Prepare
Registering precompiled user dll's ...
Registered in 0.003608 seconds.
Begin MonoManager ReloadAssembly
Symbol file LoadedFromMemory is not a mono symbol file
Native extension for WindowsStandalone target not found
Refreshing native plugins compatible for Editor in 0.36 ms, found 0 plugins.
Preloading 0 native plugins for Editor in 0.00 ms.
Invoked RoslynAnalysisRunner static constructor.
RoslynAnalysisRunner will not be running.
RoslynAnalysisRunner has terminated.
Mono: successfully reloaded assembly
- Completed reload, in  1.165 seconds
Platform modules already initialized, skipping
Refreshing native plugins compatible for Editor in 0.38 ms, found 0 plugins.
Preloading 0 native plugins for Editor in 0.00 ms.
Unloading 1315 Unused Serialized files (Serialized files now loaded: 0)
System memory in use before: 67.6 MB.
System memory in use after: 67.7 MB.

Unloading 10 unused Assets to reduce memory usage. Loaded Objects now: 1779.
Total: 2.167600 ms (FindLiveObjects: 0.154300 ms CreateObjectMapping: 0.055700 ms MarkObjects: 1.891000 ms  DeleteObjects: 0.065200 ms)

========================================================================
Received Prepare
Registering precompiled user dll's ...
Registered in 0.020545 seconds.
Begin MonoManager ReloadAssembly
Symbol file LoadedFromMemory is not a mono symbol file
Native extension for WindowsStandalone target not found
Refreshing native plugins compatible for Editor in 0.44 ms, found 0 plugins.
Preloading 0 native plugins for Editor in 0.00 ms.
Invoked RoslynAnalysisRunner static constructor.
RoslynAnalysisRunner will not be running.
RoslynAnalysisRunner has terminated.
Mono: successfully reloaded assembly
- Completed reload, in  1.482 seconds
Platform modules already initialized, skipping
Refreshing native plugins compatible for Editor in 0.42 ms, found 0 plugins.
Preloading 0 native plugins for Editor in 0.00 ms.
Unloading 1315 Unused Serialized files (Serialized files now loaded: 0)
System memory in use before: 67.9 MB.
System memory in use after: 68.0 MB.

Unloading 10 unused Assets to reduce memory usage. Loaded Objects now: 1781.
Total: 2.278100 ms (FindLiveObjects: 0.188600 ms CreateObjectMapping: 0.070600 ms MarkObjects: 1.944100 ms  DeleteObjects: 0.073300 ms)

========================================================================
Received Prepare
Registering precompiled user dll's ...
Registered in 0.005255 seconds.
Begin MonoManager ReloadAssembly
Symbol file LoadedFromMemory is not a mono symbol file
Native extension for WindowsStandalone target not found
Refreshing native plugins compatible for Editor in 0.35 ms, found 0 plugins.
Preloading 0 native plugins for Editor in 0.00 ms.
Invoked RoslynAnalysisRunner static constructor.
RoslynAnalysisRunner will not be running.
RoslynAnalysisRunner has terminated.
Mono: successfully reloaded assembly
- Completed reload, in  1.138 seconds
Platform modules already initialized, skipping
Refreshing native plugins compatible for Editor in 0.40 ms, found 0 plugins.
Preloading 0 native plugins for Editor in 0.00 ms.
Unloading 1315 Unused Serialized files (Serialized files now loaded: 0)
System memory in use before: 68.1 MB.
System memory in use after: 68.2 MB.

Unloading 10 unused Assets to reduce memory usage. Loaded Objects now: 1783.
Total: 2.336100 ms (FindLiveObjects: 0.202600 ms CreateObjectMapping: 0.103600 ms MarkObjects: 1.948500 ms  DeleteObjects: 0.079800 ms)

========================================================================
Received Prepare
Registering precompiled user dll's ...
Registered in 0.007943 seconds.
Begin MonoManager ReloadAssembly
Symbol file LoadedFromMemory is not a mono symbol file
Native extension for WindowsStandalone target not found
Refreshing native plugins compatible for Editor in 0.42 ms, found 0 plugins.
Preloading 0 native plugins for Editor in 0.00 ms.
Invoked RoslynAnalysisRunner static constructor.
RoslynAnalysisRunner will not be running.
RoslynAnalysisRunner has terminated.
Mono: successfully reloaded assembly
- Completed reload, in  1.471 seconds
Platform modules already initialized, skipping
Refreshing native plugins compatible for Editor in 0.57 ms, found 0 plugins.
Preloading 0 native plugins for Editor in 0.00 ms.
Unloading 1315 Unused Serialized files (Serialized files now loaded: 0)
System memory in use before: 68.3 MB.
System memory in use after: 68.4 MB.

Unloading 10 unused Assets to reduce memory usage. Loaded Objects now: 1785.
Total: 3.612200 ms (FindLiveObjects: 0.237400 ms CreateObjectMapping: 0.087000 ms MarkObjects: 3.206100 ms  DeleteObjects: 0.079300 ms)

========================================================================
Received Prepare
Registering precompiled user dll's ...
Registered in 0.004886 seconds.
Begin MonoManager ReloadAssembly
Symbol file LoadedFromMemory is not a mono symbol file
Native extension for WindowsStandalone target not found
Refreshing native plugins compatible for Editor in 3.79 ms, found 0 plugins.
Preloading 0 native plugins for Editor in 0.00 ms.
Invoked RoslynAnalysisRunner static constructor.
RoslynAnalysisRunner will not be running.
RoslynAnalysisRunner has terminated.
Mono: successfully reloaded assembly
- Completed reload, in  5.992 seconds
Platform modules already initialized, skipping
Refreshing native plugins compatible for Editor in 3.40 ms, found 0 plugins.
Preloading 0 native plugins for Editor in 0.00 ms.
Unloading 1315 Unused Serialized files (Serialized files now loaded: 0)
System memory in use before: 68.5 MB.
System memory in use after: 68.6 MB.

Unloading 10 unused Assets to reduce memory usage. Loaded Objects now: 1787.
Total: 23.272300 ms (FindLiveObjects: 1.280500 ms CreateObjectMapping: 3.913500 ms MarkObjects: 17.613100 ms  DeleteObjects: 0.452700 ms)

========================================================================
Received Prepare
Registering precompiled user dll's ...
Registered in 0.004791 seconds.
Begin MonoManager ReloadAssembly
Symbol file LoadedFromMemory is not a mono symbol file
Native extension for WindowsStandalone target not found
Refreshing native plugins compatible for Editor in 1.48 ms, found 0 plugins.
Preloading 0 native plugins for Editor in 0.00 ms.
Invoked RoslynAnalysisRunner static constructor.
RoslynAnalysisRunner will not be running.
RoslynAnalysisRunner has terminated.
Mono: successfully reloaded assembly
- Completed reload, in  3.870 seconds
Platform modules already initialized, skipping
Refreshing native plugins compatible for Editor in 2.68 ms, found 0 plugins.
Preloading 0 native plugins for Editor in 0.00 ms.
Unloading 1315 Unused Serialized files (Serialized files now loaded: 0)
System memory in use before: 68.6 MB.
System memory in use after: 68.7 MB.

Unloading 10 unused Assets to reduce memory usage. Loaded Objects now: 1789.
Total: 10.777600 ms (FindLiveObjects: 1.174300 ms CreateObjectMapping: 0.624200 ms MarkObjects: 8.706700 ms  DeleteObjects: 0.266000 ms)

========================================================================
Received Prepare
Registering precompiled user dll's ...
Registered in 0.005612 seconds.
Begin MonoManager ReloadAssembly
Symbol file LoadedFromMemory is not a mono symbol file
Native extension for WindowsStandalone target not found
Refreshing native plugins compatible for Editor in 1.73 ms, found 0 plugins.
Preloading 0 native plugins for Editor in 0.00 ms.
Invoked RoslynAnalysisRunner static constructor.
RoslynAnalysisRunner will not be running.
RoslynAnalysisRunner has terminated.
Mono: successfully reloaded assembly
- Completed reload, in  4.194 seconds
Platform modules already initialized, skipping
Refreshing native plugins compatible for Editor in 1.85 ms, found 0 plugins.
Preloading 0 native plugins for Editor in 0.00 ms.
Unloading 1315 Unused Serialized files (Serialized files now loaded: 0)
System memory in use before: 67.9 MB.
System memory in use after: 68.0 MB.

Unloading 10 unused Assets to reduce memory usage. Loaded Objects now: 1791.
Total: 5.232200 ms (FindLiveObjects: 0.563900 ms CreateObjectMapping: 0.170800 ms MarkObjects: 4.352700 ms  DeleteObjects: 0.141700 ms)

========================================================================
Received Prepare
Registering precompiled user dll's ...
Registered in 0.003849 seconds.
Begin MonoManager ReloadAssembly
Symbol file LoadedFromMemory is not a mono symbol file
Native extension for WindowsStandalone target not found
Refreshing native plugins compatible for Editor in 0.57 ms, found 0 plugins.
Preloading 0 native plugins for Editor in 0.00 ms.
Invoked RoslynAnalysisRunner static constructor.
RoslynAnalysisRunner will not be running.
RoslynAnalysisRunner has terminated.
Mono: successfully reloaded assembly
- Completed reload, in  1.582 seconds
Platform modules already initialized, skipping
Refreshing native plugins compatible for Editor in 0.61 ms, found 0 plugins.
Preloading 0 native plugins for Editor in 0.00 ms.
Unloading 1315 Unused Serialized files (Serialized files now loaded: 0)
System memory in use before: 68.1 MB.
System memory in use after: 68.2 MB.

Unloading 10 unused Assets to reduce memory usage. Loaded Objects now: 1793.
Total: 19.541800 ms (FindLiveObjects: 0.323900 ms CreateObjectMapping: 0.101300 ms MarkObjects: 19.010500 ms  DeleteObjects: 0.102400 ms)

AssetImportWorkerClient::OnTransportError - code=2 error=End of file
